{
  "stats": {
    "suites": 1,
    "tests": 7,
    "passes": 7,
    "pending": 0,
    "failures": 0,
    "start": "2022-10-14T01:00:59.305Z",
    "end": "2022-10-14T01:00:59.610Z",
    "duration": 305,
    "testsRegistered": 7,
    "passPercent": 100,
    "pendingPercent": 0,
    "other": 0,
    "hasOther": false,
    "skipped": 0,
    "hasSkipped": false
  },
  "results": [
    {
      "uuid": "1dce75b0-f066-4f20-b9b7-446db8b4c846",
      "title": "",
      "fullFile": "cypress\\e2e\\produtos.cy.js",
      "file": "cypress\\e2e\\produtos.cy.js",
      "beforeHooks": [],
      "afterHooks": [],
      "tests": [],
      "suites": [
        {
          "uuid": "05b1cab4-240c-4e8f-8855-becbd9e3f6bf",
          "title": "Teste da Funcionalidade de Produtos",
          "fullFile": "",
          "file": "",
          "beforeHooks": [],
          "afterHooks": [],
          "tests": [
            {
              "title": "Deve validar contrato (schema) de produtos",
              "fullTitle": "Teste da Funcionalidade de Produtos Deve validar contrato (schema) de produtos",
              "timedOut": null,
              "duration": 66,
              "state": "passed",
              "speed": "fast",
              "pass": true,
              "fail": false,
              "pending": false,
              "context": null,
              "code": "cy.request('produtos').then(response => {\n  return _produtos.default.validateAsync(response.body);\n});",
              "err": {},
              "uuid": "96f739d1-3582-417c-ab28-46c8e9eacde9",
              "parentUUID": "05b1cab4-240c-4e8f-8855-becbd9e3f6bf",
              "isHook": false,
              "skipped": false
            },
            {
              "title": "Listar Produtos",
              "fullTitle": "Teste da Funcionalidade de Produtos Listar Produtos",
              "timedOut": null,
              "duration": 27,
              "state": "passed",
              "speed": "fast",
              "pass": true,
              "fail": false,
              "pending": false,
              "context": null,
              "code": "cy.request({\n  method: 'GET',\n  url: 'produtos'\n}).then(response => {\n  expect(response.body.produtos[1].nome).to.contains('Produto');\n  expect(response.status).to.equal(200);\n  expect(response.body).to.have.property('produtos');\n  expect(response.duration).to.be.lessThan(15);\n});",
              "err": {},
              "uuid": "d9ccaf9d-a3c9-4d9d-8c5a-e748ebf72846",
              "parentUUID": "05b1cab4-240c-4e8f-8855-becbd9e3f6bf",
              "isHook": false,
              "skipped": false
            },
            {
              "title": "Cadastrar Produto",
              "fullTitle": "Teste da Funcionalidade de Produtos Cadastrar Produto",
              "timedOut": null,
              "duration": 28,
              "state": "passed",
              "speed": "fast",
              "pass": true,
              "fail": false,
              "pending": false,
              "context": null,
              "code": "let produto = `Produto EBAC ${Math.floor(Math.random() * 100000)}`;\ncy.cadastrarProduto(token, produto, 233, \"Teste\", 44).then(response => {\n  expect(response.status).to.equal(201);\n  expect(response.body.message).to.equal('Cadastro realizado com sucesso');\n});",
              "err": {},
              "uuid": "11f4a037-5ab4-4108-9901-4175532b4e4f",
              "parentUUID": "05b1cab4-240c-4e8f-8855-becbd9e3f6bf",
              "isHook": false,
              "skipped": false
            },
            {
              "title": "Deve validar mensagem de erro ao cadastrar produto repetido",
              "fullTitle": "Teste da Funcionalidade de Produtos Deve validar mensagem de erro ao cadastrar produto repetido",
              "timedOut": null,
              "duration": 26,
              "state": "passed",
              "speed": "fast",
              "pass": true,
              "fail": false,
              "pending": false,
              "context": null,
              "code": "let produto = `Produto EBAC ${Math.floor(Math.random() * 100000)}`;\ncy.cadastrarProduto(token, \"Samsung 60 polegadas\", 233, \"Teste\", 44).then(response => {\n  expect(response.status).to.equal(400);\n  expect(response.body.message).to.equal('Já existe produto com esse nome');\n});",
              "err": {},
              "uuid": "5d65f22b-9a4a-40d2-a2e1-96ad0d23854e",
              "parentUUID": "05b1cab4-240c-4e8f-8855-becbd9e3f6bf",
              "isHook": false,
              "skipped": false
            },
            {
              "title": "Deve editar um produto",
              "fullTitle": "Teste da Funcionalidade de Produtos Deve editar um produto",
              "timedOut": null,
              "duration": 34,
              "state": "passed",
              "speed": "fast",
              "pass": true,
              "fail": false,
              "pending": false,
              "context": null,
              "code": "let produto = `Produto EBAC ${Math.floor(Math.random() * 100000)}`;\ncy.request('produtos').then(response => {\n  let id = response.body.produtos[0]._id;\n  cy.request({\n    method: 'PUT',\n    url: `produtos/${id}`,\n    headers: {\n      authorization: token\n    },\n    body: {\n      \"nome\": produto,\n      \"preco\": 400,\n      \"descricao\": \"Mouse - Oferta\",\n      \"quantidade\": 350\n    }\n  }).then(response => {\n    expect(response.body.message).to.equal('Registro alterado com sucesso');\n  });\n});",
              "err": {},
              "uuid": "0929fdd1-0278-421a-9504-220077d8bf9a",
              "parentUUID": "05b1cab4-240c-4e8f-8855-becbd9e3f6bf",
              "isHook": false,
              "skipped": false
            },
            {
              "title": "Deve editar um produto cadastrado previamente",
              "fullTitle": "Teste da Funcionalidade de Produtos Deve editar um produto cadastrado previamente",
              "timedOut": null,
              "duration": 45,
              "state": "passed",
              "speed": "fast",
              "pass": true,
              "fail": false,
              "pending": false,
              "context": null,
              "code": "let produto = `Produto EBAC ${Math.floor(Math.random() * 100000)}`;\ncy.cadastrarProduto(token, produto, 233, \"Teste\", 44).then(response => {\n  expect(response.status).to.equal(201);\n  expect(response.body.message).to.equal('Cadastro realizado com sucesso');\n  let id = response.body._id;\n  cy.request('produtos').then(response => {\n    let id = response.body.produtos[0]._id;\n    cy.request({\n      method: 'PUT',\n      url: `produtos/${id}`,\n      headers: {\n        authorization: token\n      },\n      body: {\n        \"nome\": \"Teste Alteração\",\n        \"preco\": 400,\n        \"descricao\": \"Mouse - Oferta\",\n        \"quantidade\": 350\n      }\n    }).then(response => {\n      expect(response.body.message).to.equal('Registro alterado com sucesso');\n    });\n  });\n});",
              "err": {},
              "uuid": "7bc49fc8-9c41-489e-935e-f10f4911fc94",
              "parentUUID": "05b1cab4-240c-4e8f-8855-becbd9e3f6bf",
              "isHook": false,
              "skipped": false
            },
            {
              "title": "Deve deletar um produto previamente cadastrado",
              "fullTitle": "Teste da Funcionalidade de Produtos Deve deletar um produto previamente cadastrado",
              "timedOut": null,
              "duration": 37,
              "state": "passed",
              "speed": "fast",
              "pass": true,
              "fail": false,
              "pending": false,
              "context": null,
              "code": "let produto = `Produto EBAC ${Math.floor(Math.random() * 100000)}`;\ncy.cadastrarProduto(token, produto, 233, \"Teste\", 44).then(response => {\n  expect(response.status).to.equal(201);\n  expect(response.body.message).to.equal('Cadastro realizado com sucesso');\n  let id = response.body._id;\n  cy.request({\n    method: 'DELETE',\n    url: `produtos/${id}`,\n    headers: {\n      authorization: token\n    }\n  }).then(response => {\n    expect(response.body.message).to.contains('excluído');\n    expect(response.status).to.equal(200);\n  });\n});",
              "err": {},
              "uuid": "c9087eb3-f0c6-40cb-a151-7bf5dfdcf177",
              "parentUUID": "05b1cab4-240c-4e8f-8855-becbd9e3f6bf",
              "isHook": false,
              "skipped": false
            }
          ],
          "suites": [],
          "passes": [
            "96f739d1-3582-417c-ab28-46c8e9eacde9",
            "d9ccaf9d-a3c9-4d9d-8c5a-e748ebf72846",
            "11f4a037-5ab4-4108-9901-4175532b4e4f",
            "5d65f22b-9a4a-40d2-a2e1-96ad0d23854e",
            "0929fdd1-0278-421a-9504-220077d8bf9a",
            "7bc49fc8-9c41-489e-935e-f10f4911fc94",
            "c9087eb3-f0c6-40cb-a151-7bf5dfdcf177"
          ],
          "failures": [],
          "pending": [],
          "skipped": [],
          "duration": 263,
          "root": false,
          "rootEmpty": false,
          "_timeout": 2000
        }
      ],
      "passes": [],
      "failures": [],
      "pending": [],
      "skipped": [],
      "duration": 0,
      "root": true,
      "rootEmpty": true,
      "_timeout": 2000
    }
  ],
  "meta": {
    "mocha": {
      "version": "7.0.1"
    },
    "mochawesome": {
      "options": {
        "quiet": false,
        "reportFilename": "mochawesome",
        "saveHtml": false,
        "saveJson": true,
        "consoleReporter": "spec",
        "useInlineDiffs": false,
        "code": true
      },
      "version": "7.1.3"
    },
    "marge": {
      "options": {
        "reportDir": "mochawesome-report",
        "overwrite": false,
        "html": false,
        "json": true
      },
      "version": "6.2.0"
    }
  }
}